This file contains any messages produced by compilers while
running configure, to aid debugging if configure makes a mistake.

It was created by configure, which was
generated by GNU Autoconf 2.57.  Invocation command line was

  $ ./configure 

## --------- ##
## Platform. ##
## --------- ##

hostname = hippocampus.cse.sc.edu
uname -m = i686
uname -r = 2.6.17-1.2174_FC5smp
uname -s = Linux
uname -v = #1 SMP Tue Aug 8 16:00:39 EDT 2006

/usr/bin/uname -p = unknown
/bin/uname -X     = unknown

/bin/arch              = i686
/usr/bin/arch -k       = unknown
/usr/convex/getsysinfo = unknown
hostinfo               = unknown
/bin/machine           = unknown
/usr/bin/oslevel       = unknown
/bin/universe          = unknown

PATH: /home/jstahl/bin/i686-Linux-2.6.17-1.2174_FC5smp/
PATH: /home/jstahl/bin
PATH: /home/jstahl/bin/i686-Linux-2.6.17-1.2174_FC5smp/
PATH: /usr/kerberos/bin
PATH: /usr/local/bin
PATH: /usr/bin
PATH: /bin
PATH: /usr/X11R6/bin


## ----------- ##
## Core tests. ##
## ----------- ##

configure:1219: checking for f77
configure:1235: found /usr/bin/f77
configure:1245: result: f77
configure:1346: checking for Fortran 77 compiler version
configure:1349: f77 --version </dev/null >&5
GNU Fortran (GCC 3.2.3 20030502 (Red Hat Linux 3.2.3-56.fc5)) 3.2.3 20030502 (Red Hat Linux 3.2.3-13)
Copyright (C) 2002 Free Software Foundation, Inc.

GNU Fortran comes with NO WARRANTY, to the extent permitted by law.
You may redistribute copies of GNU Fortran
under the terms of the GNU General Public License.
For more information about these matters, see the file named COPYING
or type the command `info -f g77 Copying'.
configure:1352: $? = 0
configure:1354: f77 -v </dev/null >&5
Reading specs from /usr/lib/gcc-lib/i386-redhat-linux/3.2.3/specs
Configured with: ../configure --prefix=/usr --mandir=/usr/share/man --infodir=/usr/share/info --enable-shared --enable-threads=posix --disable-checking --with-system-zlib --enable-__cxa_atexit --enable-languages=c,c++,f77 --disable-libgcj --host=i386-redhat-linux
Thread model: posix
gcc version 3.2.3 20030502 (Red Hat Linux 3.2.3-56.fc5)
configure:1357: $? = 0
configure:1359: f77 -V </dev/null >&5
f77: argument to `-V' missing
configure:1362: $? = 1
configure:1375: checking for Fortran 77 compiler default output
configure:1378: f77 -O  conftest.f  >&5
configure:1381: $? = 0
configure:1427: result: a.out
configure:1432: checking whether the Fortran 77 compiler works
configure:1438: ./a.out
configure:1441: $? = 0
configure:1458: result: yes
configure:1465: checking whether we are cross compiling
configure:1467: result: no
configure:1470: checking for suffix of executables
configure:1472: f77 -o conftest -O  conftest.f  >&5
configure:1475: $? = 0
configure:1500: result: 
configure:1506: checking for suffix of object files
configure:1517: f77 -c -O conftest.f >&5
configure:1520: $? = 0
configure:1542: result: o
configure:1550: checking whether we are using the GNU Fortran 77 compiler
configure:1564: f77 -c -O conftest.F >&5
configure:1567: $? = 0
configure:1570: test -s conftest.o
configure:1573: $? = 0
configure:1586: result: yes
configure:1593: checking whether f77 accepts -g
configure:1605: f77 -c -g conftest.f >&5
configure:1608: $? = 0
configure:1611: test -s conftest.o
configure:1614: $? = 0
configure:1626: result: yes
configure:1782: creating ./config.status

## ---------------------- ##
## Running config.status. ##
## ---------------------- ##

This file was extended by config.status, which was
generated by GNU Autoconf 2.57.  Invocation command line was

  CONFIG_FILES    = 
  CONFIG_HEADERS  = 
  CONFIG_LINKS    = 
  CONFIG_COMMANDS = 
  $ ./config.status 

on hippocampus.cse.sc.edu

config.status:596: creating Makefile

## ---------------- ##
## Cache variables. ##
## ---------------- ##

ac_cv_env_F77_set=
ac_cv_env_F77_value=
ac_cv_env_FFLAGS_set=
ac_cv_env_FFLAGS_value=
ac_cv_env_LDFLAGS_set=
ac_cv_env_LDFLAGS_value=
ac_cv_env_build_alias_set=
ac_cv_env_build_alias_value=
ac_cv_env_host_alias_set=
ac_cv_env_host_alias_value=
ac_cv_env_target_alias_set=
ac_cv_env_target_alias_value=
ac_cv_exeext=
ac_cv_f77_compiler_gnu=yes
ac_cv_objext=o
ac_cv_prog_F77=f77
ac_cv_prog_f77_g=yes

## ----------------- ##
## Output variables. ##
## ----------------- ##

DEFS='-DPACKAGE_NAME=\"\" -DPACKAGE_TARNAME=\"\" -DPACKAGE_VERSION=\"\" -DPACKAGE_STRING=\"\" -DPACKAGE_BUGREPORT=\"\" '
ECHO_C=''
ECHO_N='-n'
ECHO_T=''
EXEEXT=''
F77='f77'
FFLAGS='-O'
LDFLAGS=''
LIBOBJS=''
LIBS=''
LTLIBOBJS=''
OBJEXT='o'
PACKAGE_BUGREPORT=''
PACKAGE_NAME=''
PACKAGE_STRING=''
PACKAGE_TARNAME=''
PACKAGE_VERSION=''
PATH_SEPARATOR=':'
SHELL='/bin/sh'
ac_ct_F77=''
bindir='${exec_prefix}/bin'
build_alias=''
datadir='${prefix}/share'
exec_prefix='${prefix}'
host_alias=''
includedir='${prefix}/include'
infodir='${prefix}/info'
libdir='${exec_prefix}/lib'
libexecdir='${exec_prefix}/libexec'
localstatedir='${prefix}/var'
mandir='${prefix}/man'
oldincludedir='/usr/include'
prefix='/usr/local'
program_transform_name='s,x,x,'
sbindir='${exec_prefix}/sbin'
sharedstatedir='${prefix}/com'
sysconfdir='${prefix}/etc'
target_alias=''

## ----------- ##
## confdefs.h. ##
## ----------- ##

#define PACKAGE_BUGREPORT ""
#define PACKAGE_NAME ""
#define PACKAGE_STRING ""
#define PACKAGE_TARNAME ""
#define PACKAGE_VERSION ""

configure: exit 0
