README.1st	e32175da	3216
README.minos	fad327d3	13133
funcon.c	f70b1984	3355
m55.c	fce4f703	24137
m55ver.c0	f638b34e	80
makefile.sy	737f9cc	2506
makefile.u	e5e4c1c0	3207
makefile.vc	115deed5	2528
makefile.wat	ecb6270f	2521
src/Malloc.c	eb20dee4	1821
src/README.0	eea9374b	691
src/d_funcon.c	320bfc0	139
src/d_funobj.c	1eda20fa	139
src/d_matmod.c	19cbd797	139
src/m55.P	fc939550	35334
src/makefile.u	f229df4e	5328
src/minos2.c	16e34ec4	5651
src/minos4.f	a64a0e9	2398
src/sprintf.c	a9642c8	3063
src/xectim.c	15171226	2327
