This file contains any messages produced by compilers while
running configure, to aid debugging if configure makes a mistake.

It was created by configure, which was
generated by GNU Autoconf 2.57.  Invocation command line was

  $ ./configure 

## --------- ##
## Platform. ##
## --------- ##

hostname = dopamine.cse.sc.edu
uname -m = i686
uname -r = 2.6.17-1.2174_FC5smp
uname -s = Linux
uname -v = #1 SMP Tue Aug 8 16:00:39 EDT 2006

/usr/bin/uname -p = unknown
/bin/uname -X     = unknown

/bin/arch              = i686
/usr/bin/arch -k       = unknown
/usr/convex/getsysinfo = unknown
hostinfo               = unknown
/bin/machine           = unknown
/usr/bin/oslevel       = unknown
/bin/universe          = unknown

PATH: /usr/kerberos/bin
PATH: /usr/local/bin
PATH: /usr/bin
PATH: /bin
PATH: /usr/X11R6/bin
PATH: /home/downfallen/bin
PATH: /usr/local/shape/matlab/bin
PATH: /home/downfallen/cdf/bin
PATH: .
PATH: /home/downfallen/bin
PATH: /usr/local/shape/matlab/bin
PATH: /home/downfallen/cdf/bin


## ----------- ##
## Core tests. ##
## ----------- ##

configure:1282: checking build system type
configure:1300: result: i686-pc-linux-gnu
configure:1308: checking host system type
configure:1322: result: i686-pc-linux-gnu
configure:1330: checking target system type
configure:1344: result: i686-pc-linux-gnu
configure:1378: checking for a BSD-compatible install
configure:1432: result: /usr/bin/install -c
configure:1446: checking for cc
configure:1462: found /usr/bin/cc
configure:1472: result: cc
configure:1797: checking for C compiler version
configure:1800: cc --version </dev/null >&5
cc (GCC) 4.1.1 20060525 (Red Hat 4.1.1-1)
Copyright (C) 2006 Free Software Foundation, Inc.
This is free software; see the source for copying conditions.  There is NO
warranty; not even for MERCHANTABILITY or FITNESS FOR A PARTICULAR PURPOSE.

configure:1803: $? = 0
configure:1805: cc -v </dev/null >&5
Using built-in specs.
Target: i386-redhat-linux
Configured with: ../configure --prefix=/usr --mandir=/usr/share/man --infodir=/usr/share/info --enable-shared --enable-threads=posix --enable-checking=release --with-system-zlib --enable-__cxa_atexit --disable-libunwind-exceptions --enable-libgcj-multifile --enable-languages=c,c++,objc,obj-c++,java,fortran,ada --enable-java-awt=gtk --disable-dssi --with-java-home=/usr/lib/jvm/java-1.4.2-gcj-1.4.2.0/jre --with-cpu=generic --host=i386-redhat-linux
Thread model: posix
gcc version 4.1.1 20060525 (Red Hat 4.1.1-1)
configure:1808: $? = 0
configure:1810: cc -V </dev/null >&5
cc: '-V' option must have argument
configure:1813: $? = 1
configure:1837: checking for C compiler default output
configure:1840: cc -O   conftest.c  >&5
configure:1843: $? = 0
configure:1889: result: a.out
configure:1894: checking whether the C compiler works
configure:1900: ./a.out
configure:1903: $? = 0
configure:1920: result: yes
configure:1927: checking whether we are cross compiling
configure:1929: result: no
configure:1932: checking for suffix of executables
configure:1934: cc -o conftest -O   conftest.c  >&5
configure:1937: $? = 0
configure:1962: result: 
configure:1968: checking for suffix of object files
configure:1990: cc -c -O  conftest.c >&5
configure:1993: $? = 0
configure:2015: result: o
configure:2019: checking whether we are using the GNU C compiler
configure:2044: cc -c -O  conftest.c >&5
configure:2047: $? = 0
configure:2050: test -s conftest.o
configure:2053: $? = 0
configure:2066: result: yes
configure:2072: checking whether cc accepts -g
configure:2094: cc -c -g  conftest.c >&5
configure:2097: $? = 0
configure:2100: test -s conftest.o
configure:2103: $? = 0
configure:2114: result: yes
configure:2131: checking for cc option to accept ANSI C
configure:2192: cc  -c -O  conftest.c >&5
configure:2195: $? = 0
configure:2198: test -s conftest.o
configure:2201: $? = 0
configure:2219: result: none needed
configure:2237: cc -c -O  conftest.c >&5
conftest.c:2: error: expected '=', ',', ';', 'asm' or '__attribute__' before 'me'
configure:2240: $? = 1
configure: failed program was:
| #ifndef __cplusplus
|   choke me
| #endif
configure:2353: checking for CC
configure:2382: result: no
configure:2440: checking for g++
configure:2456: found /usr/bin/g++
configure:2466: result: g++
configure:2482: checking for C++ compiler version
configure:2485: g++ --version </dev/null >&5
g++ (GCC) 4.1.1 20060525 (Red Hat 4.1.1-1)
Copyright (C) 2006 Free Software Foundation, Inc.
This is free software; see the source for copying conditions.  There is NO
warranty; not even for MERCHANTABILITY or FITNESS FOR A PARTICULAR PURPOSE.

configure:2488: $? = 0
configure:2490: g++ -v </dev/null >&5
Using built-in specs.
Target: i386-redhat-linux
Configured with: ../configure --prefix=/usr --mandir=/usr/share/man --infodir=/usr/share/info --enable-shared --enable-threads=posix --enable-checking=release --with-system-zlib --enable-__cxa_atexit --disable-libunwind-exceptions --enable-libgcj-multifile --enable-languages=c,c++,objc,obj-c++,java,fortran,ada --enable-java-awt=gtk --disable-dssi --with-java-home=/usr/lib/jvm/java-1.4.2-gcj-1.4.2.0/jre --with-cpu=generic --host=i386-redhat-linux
Thread model: posix
gcc version 4.1.1 20060525 (Red Hat 4.1.1-1)
configure:2493: $? = 0
configure:2495: g++ -V </dev/null >&5
g++: '-V' option must have argument
configure:2498: $? = 1
configure:2501: checking whether we are using the GNU C++ compiler
configure:2526: g++ -c -O  conftest.cc >&5
configure:2529: $? = 0
configure:2532: test -s conftest.o
configure:2535: $? = 0
configure:2548: result: yes
configure:2554: checking whether g++ accepts -g
configure:2576: g++ -c -g  conftest.cc >&5
configure:2579: $? = 0
configure:2582: test -s conftest.o
configure:2585: $? = 0
configure:2596: result: yes
configure:2640: g++ -c -O  conftest.cc >&5
configure:2643: $? = 0
configure:2646: test -s conftest.o
configure:2649: $? = 0
configure:2676: g++ -c -O  conftest.cc >&5
configure: In function 'int main()':
configure:2671: error: 'exit' was not declared in this scope
configure:2679: $? = 1
configure: failed program was:
| #line 2659 "configure"
| /* confdefs.h.  */
| 
| #define PACKAGE_NAME ""
| #define PACKAGE_TARNAME ""
| #define PACKAGE_VERSION ""
| #define PACKAGE_STRING ""
| #define PACKAGE_BUGREPORT ""
| /* end confdefs.h.  */
| 
| int
| main ()
| {
| exit (42);
|   ;
|   return 0;
| }
configure:2640: g++ -c -O  conftest.cc >&5
configure:2643: $? = 0
configure:2646: test -s conftest.o
configure:2649: $? = 0
configure:2676: g++ -c -O  conftest.cc >&5
configure:2679: $? = 0
configure:2682: test -s conftest.o
configure:2685: $? = 0
configure:2709: checking whether the compiler supports the explicit keyword
configure:2739: g++ -c -O  conftest.cc >&5
configure:2742: $? = 0
configure:2745: test -s conftest.o
configure:2748: $? = 0
configure:2766: result: yes
configure:2814: checking for f77
configure:2830: found /usr/bin/f77
configure:2840: result: f77
configure:2941: checking for Fortran 77 compiler version
configure:2944: f77 --version </dev/null >&5
GNU Fortran (GCC 3.2.3 20030502 (Red Hat Linux 3.2.3-55.fc5)) 3.2.3 20030502 (Red Hat Linux 3.2.3-13)
Copyright (C) 2002 Free Software Foundation, Inc.

GNU Fortran comes with NO WARRANTY, to the extent permitted by law.
You may redistribute copies of GNU Fortran
under the terms of the GNU General Public License.
For more information about these matters, see the file named COPYING
or type the command `info -f g77 Copying'.
configure:2947: $? = 0
configure:2949: f77 -v </dev/null >&5
Reading specs from /usr/lib/gcc-lib/i386-redhat-linux/3.2.3/specs
Configured with: ../configure --prefix=/usr --mandir=/usr/share/man --infodir=/usr/share/info --enable-shared --enable-threads=posix --disable-checking --with-system-zlib --enable-__cxa_atexit --enable-languages=c,c++,f77 --disable-libgcj --host=i386-redhat-linux
Thread model: posix
gcc version 3.2.3 20030502 (Red Hat Linux 3.2.3-55.fc5)
configure:2952: $? = 0
configure:2954: f77 -V </dev/null >&5
f77: argument to `-V' missing
configure:2957: $? = 1
configure:2964: checking whether we are using the GNU Fortran 77 compiler
configure:2978: f77 -c -O conftest.F >&5
configure:2981: $? = 0
configure:2984: test -s conftest.o
configure:2987: $? = 0
configure:3000: result: yes
configure:3007: checking whether f77 accepts -g
configure:3019: f77 -c -g conftest.f >&5
configure:3022: $? = 0
configure:3025: test -s conftest.o
configure:3028: $? = 0
configure:3040: result: yes
configure:3069: checking how to get verbose linking output from f77
configure:3081: f77 -c -O conftest.f >&5
configure:3084: $? = 0
configure:3087: test -s conftest.o
configure:3090: $? = 0
configure:3112: f77 -o conftest -O -v  conftest.f  >&5
Reading specs from /usr/lib/gcc-lib/i386-redhat-linux/3.2.3/specs
Configured with: ../configure --prefix=/usr --mandir=/usr/share/man --infodir=/usr/share/info --enable-shared --enable-threads=posix --disable-checking --with-system-zlib --enable-__cxa_atexit --enable-languages=c,c++,f77 --disable-libgcj --host=i386-redhat-linux
Thread model: posix
gcc version 3.2.3 20030502 (Red Hat Linux 3.2.3-55.fc5)
 /usr/lib/gcc-lib/i386-redhat-linux/3.2.3/f771 conftest.f -quiet -dumpbase conftest.f -O -version -o /tmp/ccasaBh0.s
GNU F77 version 3.2.3 20030502 (Red Hat Linux 3.2.3-55.fc5) (i386-redhat-linux)
	compiled by GNU C version 3.2.3 20030502 (Red Hat Linux 3.2.3-55.fc5).
 as -V -Qy -o /tmp/ccuUuqUQ.o /tmp/ccasaBh0.s
GNU assembler version 2.16.91.0.6 (i386-redhat-linux) using BFD version 2.16.91.0.6 20060212
 /usr/lib/gcc-lib/i386-redhat-linux/3.2.3/collect2 --eh-frame-hdr -m elf_i386 -dynamic-linker /lib/ld-linux.so.2 -o conftest /usr/lib/gcc-lib/i386-redhat-linux/3.2.3/../../../crt1.o /usr/lib/gcc-lib/i386-redhat-linux/3.2.3/../../../crti.o /usr/lib/gcc-lib/i386-redhat-linux/3.2.3/crtbegin.o -L/usr/lib/gcc-lib/i386-redhat-linux/3.2.3 -L/usr/lib/gcc-lib/i386-redhat-linux/3.2.3/../../.. /tmp/ccuUuqUQ.o -lfrtbegin -lg2c -lm -lgcc_s -lgcc -lc -lgcc_s -lgcc /usr/lib/gcc-lib/i386-redhat-linux/3.2.3/crtend.o /usr/lib/gcc-lib/i386-redhat-linux/3.2.3/../../../crtn.o
configure:3164: result: -v
configure:3166: checking for Fortran 77 libraries
configure:3192: f77 -o conftest -O -v  conftest.f  >&5
Reading specs from /usr/lib/gcc-lib/i386-redhat-linux/3.2.3/specs
Configured with: ../configure --prefix=/usr --mandir=/usr/share/man --infodir=/usr/share/info --enable-shared --enable-threads=posix --disable-checking --with-system-zlib --enable-__cxa_atexit --enable-languages=c,c++,f77 --disable-libgcj --host=i386-redhat-linux
Thread model: posix
gcc version 3.2.3 20030502 (Red Hat Linux 3.2.3-55.fc5)
 /usr/lib/gcc-lib/i386-redhat-linux/3.2.3/f771 conftest.f -quiet -dumpbase conftest.f -O -version -o /tmp/ccZaIXD9.s
GNU F77 version 3.2.3 20030502 (Red Hat Linux 3.2.3-55.fc5) (i386-redhat-linux)
	compiled by GNU C version 3.2.3 20030502 (Red Hat Linux 3.2.3-55.fc5).
 as -V -Qy -o /tmp/ccizUTC9.o /tmp/ccZaIXD9.s
GNU assembler version 2.16.91.0.6 (i386-redhat-linux) using BFD version 2.16.91.0.6 20060212
 /usr/lib/gcc-lib/i386-redhat-linux/3.2.3/collect2 --eh-frame-hdr -m elf_i386 -dynamic-linker /lib/ld-linux.so.2 -o conftest /usr/lib/gcc-lib/i386-redhat-linux/3.2.3/../../../crt1.o /usr/lib/gcc-lib/i386-redhat-linux/3.2.3/../../../crti.o /usr/lib/gcc-lib/i386-redhat-linux/3.2.3/crtbegin.o -L/usr/lib/gcc-lib/i386-redhat-linux/3.2.3 -L/usr/lib/gcc-lib/i386-redhat-linux/3.2.3/../../.. /tmp/ccizUTC9.o -lfrtbegin -lg2c -lm -lgcc_s -lgcc -lc -lgcc_s -lgcc /usr/lib/gcc-lib/i386-redhat-linux/3.2.3/crtend.o /usr/lib/gcc-lib/i386-redhat-linux/3.2.3/../../../crtn.o
configure:3350: result:  -L/usr/lib/gcc-lib/i386-redhat-linux/3.2.3 -L/usr/lib/gcc-lib/i386-redhat-linux/3.2.3/../../.. -lfrtbegin -lg2c -lm -lgcc_s
configure:3501: checking for dcopy in -lblas
configure:3514: f77 -o conftest -O  conftest.f -lblas   >&5
/usr/bin/ld: cannot find -lblas
collect2: ld returned 1 exit status
configure:3517: $? = 1
configure: failed program was:
|       program main
|       call dcopy
|       end
configure:3535: result: no
configure:3551: checking for dcopy in extras/blas/libblas.a
configure:3561: f77 -o conftest -O  conftest.f extras/blas/libblas.a   >&5
configure:3564: $? = 0
configure:3567: test -s conftest
configure:3570: $? = 0
configure:3582: result: yes
configure:3593: checking for ma27ad in -lMA27
configure:3606: f77 -o conftest -O  conftest.f -lMA27   >&5
/usr/bin/ld: cannot find -lMA27
collect2: ld returned 1 exit status
configure:3609: $? = 1
configure: failed program was:
|       program main
|       call ma27ad
|       end
configure:3627: result: no
configure:3641: checking for ma27ad in extras/MA27/libMA27.a
configure:3651: f77 -o conftest -O  conftest.f extras/MA27/libMA27.a extras/MA27/libMA27.a  >&5
conftest.f:2: 
   ma27ad()
   ^
Invalid first character at (^) [info -f g77 M LEX]
configure:3654: $? = 1
configure: failed program was:
|       program main
| ma27ad()
|       end
configure:3672: result: yes
configure:3682: checking for ma27td in extras/MA27/libMA27.a
configure:3692: f77 -o conftest -O  conftest.f extras/MA27/libMA27.a extras/MA27/libMA27.a  >&5
conftest.f:2: 
   ma27td()
   ^
Invalid first character at (^) [info -f g77 M LEX]
configure:3695: $? = 1
configure: failed program was:
|       program main
| ma27td()
|       end
configure:3713: result: yes
configure:3730: checking for ma57ad in -lMA57
configure:3743: f77 -o conftest -O  conftest.f -lMA57 extras/blas/libblas.a  >&5
/usr/bin/ld: cannot find -lMA57
collect2: ld returned 1 exit status
configure:3746: $? = 1
configure: failed program was:
|       program main
|       call ma57ad
|       end
configure:3764: result: no
configure:3778: checking for ma57id in extras/MA57/libMA57.a
configure:3788: f77 -o conftest -O  conftest.f extras/MA57/libMA57.a extras/blas/libblas.a  >&5
f77: extras/MA57/libMA57.a: No such file or directory
conftest.f:2: 
   ma57id()
   ^
Invalid first character at (^) [info -f g77 M LEX]
configure:3791: $? = 1
configure: failed program was:
|       program main
| ma57id()
|       end
configure:3809: result: yes
configure:3828: WARNING: I could not find MA27. Set the MA27LIB environment
	    variable and try again. 
configure:3835: WARNING: I could not find MA57. To enable MA57, set 
configure:3837: WARNING: the MA57LIB environment variable and try again. 
configure:3888: checking for ranlib
configure:3904: found /usr/bin/ranlib
configure:3915: result: ranlib
configure:3940: checking how to run the C++ preprocessor
configure:3972: g++ -E  conftest.cc
configure:3978: $? = 0
configure:4010: g++ -E  conftest.cc
configure:4013:28: error: ac_nonexistent.h: No such file or directory
configure:4016: $? = 1
configure: failed program was:
| #line 4001 "configure"
| /* confdefs.h.  */
| 
| #define PACKAGE_NAME ""
| #define PACKAGE_TARNAME ""
| #define PACKAGE_VERSION ""
| #define PACKAGE_STRING ""
| #define PACKAGE_BUGREPORT ""
| #ifdef __cplusplus
| #include <stdlib.h>
| #endif
| #define HAVE_EXPLICIT
| /* end confdefs.h.  */
| #include <ac_nonexistent.h>
configure:4054: result: g++ -E
configure:4079: g++ -E  conftest.cc
configure:4085: $? = 0
configure:4117: g++ -E  conftest.cc
configure:4120:28: error: ac_nonexistent.h: No such file or directory
configure:4123: $? = 1
configure: failed program was:
| #line 4108 "configure"
| /* confdefs.h.  */
| 
| #define PACKAGE_NAME ""
| #define PACKAGE_TARNAME ""
| #define PACKAGE_VERSION ""
| #define PACKAGE_STRING ""
| #define PACKAGE_BUGREPORT ""
| #ifdef __cplusplus
| #include <stdlib.h>
| #endif
| #define HAVE_EXPLICIT
| /* end confdefs.h.  */
| #include <ac_nonexistent.h>
configure:4166: checking for egrep
configure:4176: result: grep -E
configure:4181: checking for ANSI C header files
configure:4207: g++ -c -O  conftest.cc >&5
configure:4210: $? = 0
configure:4213: test -s conftest.o
configure:4216: $? = 0
configure:4308: g++ -o conftest -O   conftest.cc  >&5
configure:4311: $? = 0
configure:4313: ./conftest
configure:4316: $? = 0
configure:4331: result: yes
configure:4347: checking for getrusage
configure:4397: g++ -o conftest -O   conftest.cc  >&5
configure:4400: $? = 0
configure:4403: test -s conftest
configure:4406: $? = 0
configure:4417: result: yes
configure:4431: WARNING: Petsc support has been disabled.
configure:4433: WARNING: If you intend to use Petsc, set PETSC_DIR and
configure:4435: WARNING: PETSC_ARCH and run configure again.
configure:4582: creating ./config.status

## ---------------------- ##
## Running config.status. ##
## ---------------------- ##

This file was extended by config.status, which was
generated by GNU Autoconf 2.57.  Invocation command line was

  CONFIG_FILES    = 
  CONFIG_HEADERS  = 
  CONFIG_LINKS    = 
  CONFIG_COMMANDS = 
  $ ./config.status 

on dopamine.cse.sc.edu

config.status:638: creating GNUmakefile
config.status:638: creating PetscMakefile
configure:5416: configuring in src/Mex
configure:5500: running /bin/sh './configure' --prefix=/usr/local  --cache-file=/dev/null --srcdir=.
configure:5416: configuring in src/Ampl
configure:5500: running /bin/sh './configure' --prefix=/usr/local  --cache-file=/dev/null --srcdir=.

## ---------------- ##
## Cache variables. ##
## ---------------- ##

ac_cv_build=i686-pc-linux-gnu
ac_cv_build_alias=i686-pc-linux-gnu
ac_cv_c_compiler_gnu=yes
ac_cv_cxx_compiler_gnu=yes
ac_cv_cxx_explicit=yes
ac_cv_env_CC_set=
ac_cv_env_CC_value=
ac_cv_env_CFLAGS_set=
ac_cv_env_CFLAGS_value=
ac_cv_env_CPPFLAGS_set=
ac_cv_env_CPPFLAGS_value=
ac_cv_env_CXXCPP_set=
ac_cv_env_CXXCPP_value=
ac_cv_env_CXXFLAGS_set=
ac_cv_env_CXXFLAGS_value=
ac_cv_env_CXX_set=
ac_cv_env_CXX_value=
ac_cv_env_F77_set=
ac_cv_env_F77_value=
ac_cv_env_FFLAGS_set=
ac_cv_env_FFLAGS_value=
ac_cv_env_LDFLAGS_set=
ac_cv_env_LDFLAGS_value=
ac_cv_env_build_alias_set=
ac_cv_env_build_alias_value=
ac_cv_env_host_alias_set=
ac_cv_env_host_alias_value=
ac_cv_env_target_alias_set=
ac_cv_env_target_alias_value=
ac_cv_exeext=
ac_cv_f77_compiler_gnu=yes
ac_cv_flibs=' -L/usr/lib/gcc-lib/i386-redhat-linux/3.2.3 -L/usr/lib/gcc-lib/i386-redhat-linux/3.2.3/../../.. -lfrtbegin -lg2c -lm -lgcc_s'
ac_cv_func_getrusage=yes
ac_cv_header_stdc=yes
ac_cv_host=i686-pc-linux-gnu
ac_cv_host_alias=i686-pc-linux-gnu
ac_cv_lib_MA27_ma27ad=no
ac_cv_lib_MA57_ma57ad=no
ac_cv_lib_blas_dcopy=no
ac_cv_objext=o
ac_cv_path_install='/usr/bin/install -c'
ac_cv_prog_CC=cc
ac_cv_prog_CXXCPP='g++ -E'
ac_cv_prog_F77=f77
ac_cv_prog_ac_ct_CXX=g++
ac_cv_prog_ac_ct_RANLIB=ranlib
ac_cv_prog_cc_g=yes
ac_cv_prog_cc_stdc=
ac_cv_prog_cxx_g=yes
ac_cv_prog_egrep='grep -E'
ac_cv_prog_f77_g=yes
ac_cv_prog_f77_v=-v
ac_cv_target=i686-pc-linux-gnu
ac_cv_target_alias=i686-pc-linux-gnu

## ----------------- ##
## Output variables. ##
## ----------------- ##

BLAS='extras/blas/libblas.a'
CC='cc'
CFLAGS='-O'
CPPFLAGS=''
CXX='g++'
CXXCPP='g++ -E'
CXXFLAGS='-O'
DEFS='-DPACKAGE_NAME=\"\" -DPACKAGE_TARNAME=\"\" -DPACKAGE_VERSION=\"\" -DPACKAGE_STRING=\"\" -DPACKAGE_BUGREPORT=\"\" -DHAVE_EXPLICIT= -DSTDC_HEADERS=1 -DHAVE_GETRUSAGE=1 '
ECHO_C=''
ECHO_N='-n'
ECHO_T=''
EGREP='grep -E'
EXEEXT=''
F77='f77'
FFLAGS='-O'
FLIBS=' -L/usr/lib/gcc-lib/i386-redhat-linux/3.2.3 -L/usr/lib/gcc-lib/i386-redhat-linux/3.2.3/../../.. -lfrtbegin -lg2c -lm -lgcc_s'
INCLUDES=''
INSTALL_DATA='${INSTALL} -m 644'
INSTALL_PROGRAM='${INSTALL}'
INSTALL_SCRIPT='${INSTALL}'
LDFLAGS=''
LIBOBJS=''
LIBS=''
LTLIBOBJS=''
MA27LIB='extras/MA27/libMA27.a'
MA57LIB='extras/MA57/libMA57.a'
OBJEXT='o'
PACKAGE_BUGREPORT=''
PACKAGE_NAME=''
PACKAGE_STRING=''
PACKAGE_TARNAME=''
PACKAGE_VERSION=''
PATH_SEPARATOR=':'
PETSC_DIR=''
RANLIB='ranlib'
SHELL='/bin/sh'
ac_ct_CC=''
ac_ct_CXX='g++'
ac_ct_F77=''
ac_ct_RANLIB='ranlib'
bindir='${exec_prefix}/bin'
build='i686-pc-linux-gnu'
build_alias=''
build_cpu='i686'
build_os='linux-gnu'
build_vendor='pc'
datadir='${prefix}/share'
exec_prefix='${prefix}'
host='i686-pc-linux-gnu'
host_alias=''
host_cpu='i686'
host_os='linux-gnu'
host_vendor='pc'
includedir='${prefix}/include'
infodir='${prefix}/info'
libdir='${exec_prefix}/lib'
libexecdir='${exec_prefix}/libexec'
localstatedir='${prefix}/var'
mandir='${prefix}/man'
oldincludedir='/usr/include'
ooqp_src='src'
petsc_common_variables=''
petsc_enabled='no # Petsc support has been disabled'
prefix='/usr/local'
program_transform_name='s,x,x,'
sbindir='${exec_prefix}/sbin'
sharedstatedir='${prefix}/com'
subdirs=' src/Mex src/Ampl'
sysconfdir='${prefix}/etc'
target='i686-pc-linux-gnu'
target_alias=''
target_cpu='i686'
target_os='linux-gnu'
target_vendor='pc'

## ----------- ##
## confdefs.h. ##
## ----------- ##

#define HAVE_EXPLICIT
#define HAVE_GETRUSAGE 1
#define PACKAGE_BUGREPORT ""
#define PACKAGE_NAME ""
#define PACKAGE_STRING ""
#define PACKAGE_TARNAME ""
#define PACKAGE_VERSION ""
#define STDC_HEADERS 1
#endif
#ifdef __cplusplus
#include <stdlib.h>

configure: exit 0
